user@machine:~$ '/home/user/Documents/Repos/GH/Spp/spp_misc-code/C/Exercises/exercise_20250429_2037/build.sh' 

This is a build shell script


Files in Current Dirtectory:/home/user/Documents/Repos/GH/Spp/spp_misc-code/C/Exercises/exercise_20250429_2037

build  build.sh  main.cpp  run.sh

End of shell script

user@machine:~$ '/home/user/Documents/Repos/GH/Spp/spp_misc-code/C/Exercises/exercise_20250429_2037/run.sh'

This is a shell script to run the target program


Files in Current Dirtectory:/home/user/Documents/Repos/GH/Spp/spp_misc-code/C/Exercises/exercise_20250429_2037


build  build.sh  main.cpp  run.sh

Running Target Program:



Program Initialised.

Exercise 01:


Exercise 01 Calculation Procedure:

Exercise 01 Pre-Reverse Array:
{3, 6, 8, 1, 4, 6, }

Exercise 01 Post-Reverse Array:
{6, 4, 1, 8, 6, 3, }


Exercise 01 Calculation Procedure:

Exercise 01 Pre-Reverse Array:
{1, 2, 3, 4, 5, 6, }

Exercise 01 Post-Reverse Array:
{6, 5, 4, 3, 2, 1, }


Exercise 01 Calculation Procedure:

Exercise 01 Pre-Reverse Array:
{5, 4, 3, 2, 1, 0, }

Exercise 01 Post-Reverse Array:
{0, 1, 2, 3, 4, 5, }


Exercise 01 Calculation Procedure:

Exercise 01 Pre-Reverse Array:
{0, 10, 20, 30, 40, 50, 60, 70, 80, 90, }

Exercise 01 Post-Reverse Array:
{90, 80, 70, 60, 50, 40, 30, 20, 10, 0, }


Exercise 02:


Exercise 02 Calculation Procedure:

Exercise 02 Input Array 01:
{1, 4, 6, 8, }

Exercise 02 Input Array 02:
{3, 5, 5, 6, 9, 10, }

Exercise 02 Merged & Sorted Array:
{1, 3, 4, 5, 5, 6, 6, 8, 9, 10, }


Exercise 02 Calculation Procedure:

Exercise 02 Input Array 01:
{5, 4, 3, 2, }

Exercise 02 Input Array 02:
{5, 4, 3, 2, 1, 0, }

Exercise 02 Merged & Sorted Array:
{0, 1, 2, 2, 3, 3, 4, 4, 5, 5, }


Exercise 02 Calculation Procedure:

Exercise 02 Input Array 01:
{100, 75, 50, 25, }

Exercise 02 Input Array 02:
{0, 20, 40, 60, 80, 98, }

Exercise 02 Merged & Sorted Array:
{0, 20, 25, 40, 50, 60, 75, 80, 98, 100, }


Exercise 02 Calculation Procedure:

Exercise 02 Input Array 01:
{-100, -80, -60, -40, -20, 0, 20, 40, 60, 80, 100, }

Exercise 02 Input Array 02:
{-90, -70, -50, -30, -10, 10, 30, 50, 70, 90, }

Exercise 02 Merged & Sorted Array:
{-100, -90, -80, -70, -60, -50, -40, -30, -20, -10, 0, 10, 20, 30, 40, 50, 60, 70, 80, 90, 100, }

Program Complete.



Finished Running Target Program:


End of shell script

user@machine:~$ 